build/app/intermediates/manifest_merge_blame_file/release/manifest-merger-blame-release-report.txt
1<?xml version="1.0" encoding="utf-8"?>
2<manifest xmlns:android="http://schemas.android.com/apk/res/android"
3    package="app.homchf.homechef"
4    android:versionCode="14"
5    android:versionName="3.0.3" >
6
7    <uses-sdk
8        android:minSdkVersion="21"
8-->src/main/AndroidManifest.xml
9        android:targetSdkVersion="30" />
9-->src/main/AndroidManifest.xml
10    <!--
11         io.flutter.app.FlutterApplication is an android.app.Application that
12         calls FlutterMain.startInitialization(this); in its onCreate method.
13         In most cases you can leave this as-is, but you if you want to provide
14         additional functionality it is fine to subclass or reimplement
15         FlutterApplication and put your custom class here.
16    -->
17    <uses-permission android:name="android.permission.INTERNET" />
17-->src/main/AndroidManifest.xml:8:5-66
17-->src/main/AndroidManifest.xml:8:22-64
18    <uses-permission android:name="android.permission.ACCESS_FINE_LOCATION" />
18-->src/main/AndroidManifest.xml:9:5-10:66
18-->src/main/AndroidManifest.xml:10:9-63
19    <uses-permission android:name="android.permission.ACCESS_COARSE_LOCATION" />
19-->src/main/AndroidManifest.xml:11:5-12:68
19-->src/main/AndroidManifest.xml:12:9-65
20    <!-- <uses-permission android:name="android.permission.ACCESS_BACKGROUND_LOCATION" /> -->
21    <uses-permission android:name="android.permission.WRITE_EXTERNAL_STORAGE" />
21-->src/main/AndroidManifest.xml:14:5-80
21-->src/main/AndroidManifest.xml:14:22-78
22    <uses-permission android:name="android.permission.ACCESS_NETWORK_STATE" /> <!-- Create a unique permission for your app and use it so only your app can receive your OneSignal messages. -->
22-->[:connectivity] AndroidManifest.xml:7:5-79
22-->[:connectivity] AndroidManifest.xml:7:22-76
23    <permission
23-->[com.onesignal:OneSignal:4.5.1] AndroidManifest.xml:7:5-9:47
24        android:name="app.homchf.homechef.permission.C2D_MESSAGE"
24-->[com.onesignal:OneSignal:4.5.1] AndroidManifest.xml:8:9-63
25        android:protectionLevel="signature" />
25-->[com.onesignal:OneSignal:4.5.1] AndroidManifest.xml:9:9-44
26
27    <uses-permission android:name="app.homchf.homechef.permission.C2D_MESSAGE" /> <!-- c2dm RECEIVE are basic requirements for push messages through Google's FCM -->
27-->[com.onesignal:OneSignal:4.5.1] AndroidManifest.xml:11:5-79
27-->[com.onesignal:OneSignal:4.5.1] AndroidManifest.xml:11:22-76
28    <uses-permission android:name="com.google.android.c2dm.permission.RECEIVE" /> <!-- Required, makes sure notifications are delivered on time. -->
28-->[com.onesignal:OneSignal:4.5.1] AndroidManifest.xml:17:5-82
28-->[com.onesignal:OneSignal:4.5.1] AndroidManifest.xml:17:22-79
29    <uses-permission android:name="android.permission.WAKE_LOCK" />
29-->[com.onesignal:OneSignal:4.5.1] AndroidManifest.xml:18:5-68
29-->[com.onesignal:OneSignal:4.5.1] AndroidManifest.xml:18:22-65
30    <!--
31 Required so the device vibrates on receiving a push notification.
32         Vibration settings of the device still apply.
33    -->
34    <uses-permission android:name="android.permission.VIBRATE" />
34-->[com.onesignal:OneSignal:4.5.1] AndroidManifest.xml:23:5-66
34-->[com.onesignal:OneSignal:4.5.1] AndroidManifest.xml:23:22-63
35    <!--
36 Use to restore notifications the user hasn't interacted with.
37         They could be missed notifications if the user reboots their device if this isn't in place.
38    -->
39    <uses-permission android:name="android.permission.RECEIVE_BOOT_COMPLETED" /> <!-- START: ShortcutBadger -->
39-->[com.onesignal:OneSignal:4.5.1] AndroidManifest.xml:29:5-81
39-->[com.onesignal:OneSignal:4.5.1] AndroidManifest.xml:29:22-78
40    <!-- Samsung -->
41    <uses-permission android:name="com.sec.android.provider.badge.permission.READ" />
41-->[com.onesignal:OneSignal:4.5.1] AndroidManifest.xml:31:5-86
41-->[com.onesignal:OneSignal:4.5.1] AndroidManifest.xml:31:22-83
42    <uses-permission android:name="com.sec.android.provider.badge.permission.WRITE" /> <!-- HTC -->
42-->[com.onesignal:OneSignal:4.5.1] AndroidManifest.xml:32:5-87
42-->[com.onesignal:OneSignal:4.5.1] AndroidManifest.xml:32:22-84
43    <uses-permission android:name="com.htc.launcher.permission.READ_SETTINGS" />
43-->[com.onesignal:OneSignal:4.5.1] AndroidManifest.xml:33:5-81
43-->[com.onesignal:OneSignal:4.5.1] AndroidManifest.xml:33:22-78
44    <uses-permission android:name="com.htc.launcher.permission.UPDATE_SHORTCUT" /> <!-- Sony -->
44-->[com.onesignal:OneSignal:4.5.1] AndroidManifest.xml:34:5-83
44-->[com.onesignal:OneSignal:4.5.1] AndroidManifest.xml:34:22-80
45    <uses-permission android:name="com.sonyericsson.home.permission.BROADCAST_BADGE" />
45-->[com.onesignal:OneSignal:4.5.1] AndroidManifest.xml:35:5-88
45-->[com.onesignal:OneSignal:4.5.1] AndroidManifest.xml:35:22-85
46    <uses-permission android:name="com.sonymobile.home.permission.PROVIDER_INSERT_BADGE" /> <!-- Apex -->
46-->[com.onesignal:OneSignal:4.5.1] AndroidManifest.xml:36:5-92
46-->[com.onesignal:OneSignal:4.5.1] AndroidManifest.xml:36:22-89
47    <uses-permission android:name="com.anddoes.launcher.permission.UPDATE_COUNT" /> <!-- Solid -->
47-->[com.onesignal:OneSignal:4.5.1] AndroidManifest.xml:37:5-84
47-->[com.onesignal:OneSignal:4.5.1] AndroidManifest.xml:37:22-81
48    <uses-permission android:name="com.majeur.launcher.permission.UPDATE_BADGE" /> <!-- Huawei -->
48-->[com.onesignal:OneSignal:4.5.1] AndroidManifest.xml:38:5-83
48-->[com.onesignal:OneSignal:4.5.1] AndroidManifest.xml:38:22-80
49    <uses-permission android:name="com.huawei.android.launcher.permission.CHANGE_BADGE" />
49-->[com.onesignal:OneSignal:4.5.1] AndroidManifest.xml:39:5-91
49-->[com.onesignal:OneSignal:4.5.1] AndroidManifest.xml:39:22-88
50    <uses-permission android:name="com.huawei.android.launcher.permission.READ_SETTINGS" />
50-->[com.onesignal:OneSignal:4.5.1] AndroidManifest.xml:40:5-92
50-->[com.onesignal:OneSignal:4.5.1] AndroidManifest.xml:40:22-89
51    <uses-permission android:name="com.huawei.android.launcher.permission.WRITE_SETTINGS" /> <!-- ZUK -->
51-->[com.onesignal:OneSignal:4.5.1] AndroidManifest.xml:41:5-93
51-->[com.onesignal:OneSignal:4.5.1] AndroidManifest.xml:41:22-90
52    <uses-permission android:name="android.permission.READ_APP_BADGE" /> <!-- OPPO -->
52-->[com.onesignal:OneSignal:4.5.1] AndroidManifest.xml:42:5-73
52-->[com.onesignal:OneSignal:4.5.1] AndroidManifest.xml:42:22-70
53    <uses-permission android:name="com.oppo.launcher.permission.READ_SETTINGS" />
53-->[com.onesignal:OneSignal:4.5.1] AndroidManifest.xml:43:5-82
53-->[com.onesignal:OneSignal:4.5.1] AndroidManifest.xml:43:22-79
54    <uses-permission android:name="com.oppo.launcher.permission.WRITE_SETTINGS" /> <!-- EvMe -->
54-->[com.onesignal:OneSignal:4.5.1] AndroidManifest.xml:44:5-83
54-->[com.onesignal:OneSignal:4.5.1] AndroidManifest.xml:44:22-80
55    <uses-permission android:name="me.everything.badger.permission.BADGE_COUNT_READ" />
55-->[com.onesignal:OneSignal:4.5.1] AndroidManifest.xml:45:5-88
55-->[com.onesignal:OneSignal:4.5.1] AndroidManifest.xml:45:22-85
56    <uses-permission android:name="me.everything.badger.permission.BADGE_COUNT_WRITE" /> <!-- See https://developer.android.com/training/package-visibility/declaring for more details. -->
56-->[com.onesignal:OneSignal:4.5.1] AndroidManifest.xml:46:5-89
56-->[com.onesignal:OneSignal:4.5.1] AndroidManifest.xml:46:22-86
57    <queries>
57-->[com.stripe:payments-core:16.10.0] AndroidManifest.xml:10:5-14:15
58
59        <!-- Added to check if Chrome is installed for browser-based payment authentication (e.g. 3DS1). -->
60        <package android:name="com.android.chrome" />
60-->[com.stripe:payments-core:16.10.0] AndroidManifest.xml:13:9-54
60-->[com.stripe:payments-core:16.10.0] AndroidManifest.xml:13:18-51
61    </queries>
62
63    <uses-permission android:name="android.permission.FOREGROUND_SERVICE" />
63-->[androidx.work:work-runtime:2.5.0] AndroidManifest.xml:28:5-77
63-->[androidx.work:work-runtime:2.5.0] AndroidManifest.xml:28:22-74
64
65    <uses-feature
65-->[com.google.android.gms:play-services-maps:17.0.0] AndroidManifest.xml:26:5-28:35
66        android:glEsVersion="0x00020000"
66-->[com.google.android.gms:play-services-maps:17.0.0] AndroidManifest.xml:27:9-41
67        android:required="true" />
67-->[com.google.android.gms:play-services-maps:17.0.0] AndroidManifest.xml:28:9-32
68
69    <application
69-->src/main/AndroidManifest.xml:16:5-64:19
70        android:name="io.flutter.app.FlutterApplication"
70-->src/main/AndroidManifest.xml:17:9-57
71        android:appComponentFactory="androidx.core.app.CoreComponentFactory"
71-->[androidx.core:core:1.6.0] AndroidManifest.xml:24:18-86
72        android:icon="@drawable/ic_app_icon"
72-->src/main/AndroidManifest.xml:19:9-45
73        android:label="HomChf"
73-->src/main/AndroidManifest.xml:18:9-31
74        android:theme="@style/Theme.AppCompat.Light.NoActionBar"
74-->[:stripe_payment] AndroidManifest.xml:11:18-74
75        android:usesCleartextTraffic="true" >
75-->src/main/AndroidManifest.xml:20:9-44
76        <meta-data
76-->src/main/AndroidManifest.xml:23:9-25:36
77            android:name="com.google.android.gms.wallet.api.enabled"
77-->src/main/AndroidManifest.xml:24:13-69
78            android:value="true" />
78-->src/main/AndroidManifest.xml:25:13-33
79        <meta-data
79-->src/main/AndroidManifest.xml:27:9-123
80            android:name="com.google.android.geo.API_KEY"
80-->src/main/AndroidManifest.xml:27:20-65
81            android:value="AIzaSyBlPBZZgOLEDGUSQ9U7xFMWymaFlf9uyvQ" />
81-->src/main/AndroidManifest.xml:27:66-121
82
83        <activity
83-->src/main/AndroidManifest.xml:30:9-58:20
84            android:name="app.homchf.homechef.MainActivity"
84-->src/main/AndroidManifest.xml:31:13-60
85            android:configChanges="orientation|keyboardHidden|keyboard|screenSize|smallestScreenSize|locale|layoutDirection|fontScale|screenLayout|density|uiMode"
85-->src/main/AndroidManifest.xml:33:13-163
86            android:hardwareAccelerated="true"
86-->src/main/AndroidManifest.xml:34:13-47
87            android:launchMode="singleTask"
87-->src/main/AndroidManifest.xml:35:13-44
88            android:theme="@style/LaunchTheme"
88-->src/main/AndroidManifest.xml:32:13-47
89            android:windowSoftInputMode="adjustResize" >
89-->src/main/AndroidManifest.xml:36:13-55
90
91            <!--
92                 Specifies an Android theme to apply to this Activity as soon as
93                 the Android process has started. This theme is visible to the user
94                 while the Flutter UI initializes. After that, this theme continues
95                 to determine the Window background behind the Flutter UI.
96            -->
97            <meta-data
97-->src/main/AndroidManifest.xml:41:13-44:17
98                android:name="io.flutter.embedding.android.NormalTheme"
98-->src/main/AndroidManifest.xml:42:15-70
99                android:resource="@style/NormalTheme" />
99-->src/main/AndroidManifest.xml:43:15-52
100            <!--
101                 Displays an Android View that continues showing the launch screen
102                 Drawable until Flutter paints its first frame, then this splash
103                 screen fades out. A splash screen is useful to avoid any visual
104                 gap between the end of Android's launch screen and the painting of
105                 Flutter's first frame.
106            -->
107            <meta-data
107-->src/main/AndroidManifest.xml:50:13-53:17
108                android:name="io.flutter.embedding.android.SplashScreenDrawable"
108-->src/main/AndroidManifest.xml:51:15-79
109                android:resource="@drawable/launch_background" />
109-->src/main/AndroidManifest.xml:52:15-61
110
111            <intent-filter>
111-->src/main/AndroidManifest.xml:54:13-57:29
112                <action android:name="android.intent.action.MAIN" />
112-->src/main/AndroidManifest.xml:55:17-68
112-->src/main/AndroidManifest.xml:55:25-66
113
114                <category android:name="android.intent.category.LAUNCHER" />
114-->src/main/AndroidManifest.xml:56:17-76
114-->src/main/AndroidManifest.xml:56:27-74
115            </intent-filter>
116        </activity>
117        <!--
118             Don't delete the meta-data below.
119             This is used by the Flutter tool to generate GeneratedPluginRegistrant.java
120        -->
121        <meta-data
121-->src/main/AndroidManifest.xml:61:9-63:33
122            android:name="flutterEmbedding"
122-->src/main/AndroidManifest.xml:62:13-44
123            android:value="2" />
123-->src/main/AndroidManifest.xml:63:13-30
124
125        <provider
125-->[:image_picker] AndroidManifest.xml:8:9-16:20
126            android:name="io.flutter.plugins.imagepicker.ImagePickerFileProvider"
126-->[:image_picker] AndroidManifest.xml:9:13-82
127            android:authorities="app.homchf.homechef.flutter.image_provider"
127-->[:image_picker] AndroidManifest.xml:10:13-74
128            android:exported="false"
128-->[:image_picker] AndroidManifest.xml:11:13-37
129            android:grantUriPermissions="true" >
129-->[:image_picker] AndroidManifest.xml:12:13-47
130            <meta-data
130-->[:image_picker] AndroidManifest.xml:13:13-15:75
131                android:name="android.support.FILE_PROVIDER_PATHS"
131-->[:image_picker] AndroidManifest.xml:14:17-67
132                android:resource="@xml/flutter_image_picker_file_paths" />
132-->[:image_picker] AndroidManifest.xml:15:17-72
133        </provider>
134
135        <activity
135-->[:razorpay_flutter] AndroidManifest.xml:8:9-11:20
136            android:name="com.razorpay.CheckoutActivity"
136-->[:razorpay_flutter] AndroidManifest.xml:9:13-57
137            android:configChanges="keyboard|keyboardHidden|orientation|screenSize"
137-->[com.razorpay:checkout:1.6.10] AndroidManifest.xml:20:13-83
138            android:label="Razorpay Checkout"
138-->[:razorpay_flutter] AndroidManifest.xml:10:13-46
139            android:theme="@style/CheckoutTheme" >
139-->[com.razorpay:checkout:1.6.10] AndroidManifest.xml:21:13-49
140            <intent-filter>
140-->[com.razorpay:checkout:1.6.10] AndroidManifest.xml:22:13-28:29
141                <action android:name="android.intent.action.MAIN" />
141-->src/main/AndroidManifest.xml:55:17-68
141-->src/main/AndroidManifest.xml:55:25-66
142
143                <data
143-->[:stripe_payment] AndroidManifest.xml:32:17-50
144                    android:host="rzp.io"
145                    android:scheme="io.rzp" />
145-->[:stripe_payment] AndroidManifest.xml:32:23-47
146            </intent-filter>
147        </activity>
148
149        <provider
149-->[:share] AndroidManifest.xml:8:9-16:20
150            android:name="io.flutter.plugins.share.ShareFileProvider"
150-->[:share] AndroidManifest.xml:9:13-70
151            android:authorities="app.homchf.homechef.flutter.share_provider"
151-->[:share] AndroidManifest.xml:10:13-74
152            android:exported="false"
152-->[:share] AndroidManifest.xml:11:13-37
153            android:grantUriPermissions="true" >
153-->[:share] AndroidManifest.xml:12:13-47
154            <meta-data
154-->[:image_picker] AndroidManifest.xml:13:13-15:75
155                android:name="android.support.FILE_PROVIDER_PATHS"
155-->[:image_picker] AndroidManifest.xml:14:17-67
156                android:resource="@xml/flutter_share_file_paths" />
156-->[:image_picker] AndroidManifest.xml:15:17-72
157        </provider>
158
159        <activity
159-->[:stripe_payment] AndroidManifest.xml:16:9-20:75
160            android:name="com.gettipsi.stripe.OpenBrowserActivity"
160-->[:stripe_payment] AndroidManifest.xml:17:13-67
161            android:exported="false"
161-->[:stripe_payment] AndroidManifest.xml:18:13-37
162            android:launchMode="singleTask"
162-->[:stripe_payment] AndroidManifest.xml:19:13-44
163            android:theme="@android:style/Theme.Translucent.NoTitleBar" />
163-->[:stripe_payment] AndroidManifest.xml:20:13-72
164        <activity
164-->[:stripe_payment] AndroidManifest.xml:21:9-34:20
165            android:name="com.gettipsi.stripe.RedirectUriReceiver"
165-->[:stripe_payment] AndroidManifest.xml:22:13-67
166            android:exported="true"
166-->[:stripe_payment] AndroidManifest.xml:23:13-36
167            android:launchMode="singleTask"
167-->[:stripe_payment] AndroidManifest.xml:24:13-44
168            android:theme="@android:style/Theme.Translucent.NoTitleBar.Fullscreen" >
168-->[:stripe_payment] AndroidManifest.xml:25:13-83
169            <intent-filter>
169-->[:stripe_payment] AndroidManifest.xml:26:13-33:29
170                <action android:name="android.intent.action.VIEW" />
170-->[:stripe_payment] AndroidManifest.xml:27:17-69
170-->[:stripe_payment] AndroidManifest.xml:27:25-66
171
172                <category android:name="android.intent.category.DEFAULT" />
172-->[:stripe_payment] AndroidManifest.xml:29:17-76
172-->[:stripe_payment] AndroidManifest.xml:29:27-73
173                <category android:name="android.intent.category.BROWSABLE" />
173-->[:stripe_payment] AndroidManifest.xml:30:17-78
173-->[:stripe_payment] AndroidManifest.xml:30:27-75
174
175                <data android:scheme="example" />
175-->[:stripe_payment] AndroidManifest.xml:32:17-50
175-->[:stripe_payment] AndroidManifest.xml:32:23-47
176            </intent-filter>
177        </activity>
178        <activity
178-->[:url_launcher] AndroidManifest.xml:8:9-11:74
179            android:name="io.flutter.plugins.urllauncher.WebViewActivity"
179-->[:url_launcher] AndroidManifest.xml:9:13-74
180            android:exported="false"
180-->[:url_launcher] AndroidManifest.xml:10:13-37
181            android:theme="@android:style/Theme.NoTitleBar.Fullscreen" />
181-->[:url_launcher] AndroidManifest.xml:11:13-71
182
183        <service
183-->[:location] AndroidManifest.xml:11:9-15:56
184            android:name="com.lyokone.location.FlutterLocationService"
184-->[:location] AndroidManifest.xml:12:13-71
185            android:enabled="true"
185-->[:location] AndroidManifest.xml:13:13-35
186            android:exported="false"
186-->[:location] AndroidManifest.xml:14:13-37
187            android:foregroundServiceType="location" />
187-->[:location] AndroidManifest.xml:15:13-53
188
189        <receiver
189-->[com.onesignal:OneSignal:4.5.1] AndroidManifest.xml:49:9-60:20
190            android:name="com.onesignal.FCMBroadcastReceiver"
190-->[com.onesignal:OneSignal:4.5.1] AndroidManifest.xml:50:13-62
191            android:exported="true"
191-->[com.onesignal:OneSignal:4.5.1] AndroidManifest.xml:51:13-36
192            android:permission="com.google.android.c2dm.permission.SEND" >
192-->[com.onesignal:OneSignal:4.5.1] AndroidManifest.xml:52:13-73
193
194            <!-- High priority so OneSignal payloads can be filtered from other FCM receivers -->
195            <intent-filter android:priority="999" >
195-->[com.onesignal:OneSignal:4.5.1] AndroidManifest.xml:55:13-59:29
195-->[com.onesignal:OneSignal:4.5.1] AndroidManifest.xml:55:28-50
196                <action android:name="com.google.android.c2dm.intent.RECEIVE" />
196-->[com.onesignal:OneSignal:4.5.1] AndroidManifest.xml:56:17-81
196-->[com.onesignal:OneSignal:4.5.1] AndroidManifest.xml:56:25-78
197
198                <category android:name="app.homchf.homechef" />
198-->[com.onesignal:OneSignal:4.5.1] AndroidManifest.xml:58:17-61
198-->[com.onesignal:OneSignal:4.5.1] AndroidManifest.xml:58:27-58
199            </intent-filter>
200        </receiver>
201
202        <service
202-->[com.onesignal:OneSignal:4.5.1] AndroidManifest.xml:62:9-68:19
203            android:name="com.onesignal.HmsMessageServiceOneSignal"
203-->[com.onesignal:OneSignal:4.5.1] AndroidManifest.xml:63:13-68
204            android:exported="false" >
204-->[com.onesignal:OneSignal:4.5.1] AndroidManifest.xml:64:13-37
205            <intent-filter>
205-->[com.onesignal:OneSignal:4.5.1] AndroidManifest.xml:65:13-67:29
206                <action android:name="com.huawei.push.action.MESSAGING_EVENT" />
206-->[com.onesignal:OneSignal:4.5.1] AndroidManifest.xml:66:17-81
206-->[com.onesignal:OneSignal:4.5.1] AndroidManifest.xml:66:25-78
207            </intent-filter>
208        </service>
209
210        <activity
210-->[com.onesignal:OneSignal:4.5.1] AndroidManifest.xml:70:9-78:20
211            android:name="com.onesignal.NotificationOpenedActivityHMS"
211-->[com.onesignal:OneSignal:4.5.1] AndroidManifest.xml:71:13-71
212            android:exported="true"
212-->[com.onesignal:OneSignal:4.5.1] AndroidManifest.xml:72:13-36
213            android:noHistory="true"
213-->[com.onesignal:OneSignal:4.5.1] AndroidManifest.xml:73:13-37
214            android:theme="@android:style/Theme.Translucent.NoTitleBar" >
214-->[com.onesignal:OneSignal:4.5.1] AndroidManifest.xml:74:13-72
215            <intent-filter>
215-->[com.onesignal:OneSignal:4.5.1] AndroidManifest.xml:75:13-77:29
216                <action android:name="android.intent.action.VIEW" />
216-->[:stripe_payment] AndroidManifest.xml:27:17-69
216-->[:stripe_payment] AndroidManifest.xml:27:25-66
217            </intent-filter>
218        </activity>
219
220        <service
220-->[com.onesignal:OneSignal:4.5.1] AndroidManifest.xml:80:9-82:40
221            android:name="com.onesignal.FCMIntentService"
221-->[com.onesignal:OneSignal:4.5.1] AndroidManifest.xml:81:13-58
222            android:exported="false" />
222-->[com.onesignal:OneSignal:4.5.1] AndroidManifest.xml:82:13-37
223        <service
223-->[com.onesignal:OneSignal:4.5.1] AndroidManifest.xml:83:9-86:72
224            android:name="com.onesignal.FCMIntentJobService"
224-->[com.onesignal:OneSignal:4.5.1] AndroidManifest.xml:84:13-61
225            android:exported="false"
225-->[com.onesignal:OneSignal:4.5.1] AndroidManifest.xml:85:13-37
226            android:permission="android.permission.BIND_JOB_SERVICE" />
226-->[com.onesignal:OneSignal:4.5.1] AndroidManifest.xml:86:13-69
227        <service
227-->[com.onesignal:OneSignal:4.5.1] AndroidManifest.xml:87:9-90:43
228            android:name="com.onesignal.FocusDelaySyncService"
228-->[com.onesignal:OneSignal:4.5.1] AndroidManifest.xml:88:13-63
229            android:exported="false"
229-->[com.onesignal:OneSignal:4.5.1] AndroidManifest.xml:89:13-37
230            android:stopWithTask="true" />
230-->[com.onesignal:OneSignal:4.5.1] AndroidManifest.xml:90:13-40
231        <service
231-->[com.onesignal:OneSignal:4.5.1] AndroidManifest.xml:91:9-94:72
232            android:name="com.onesignal.FocusDelaySyncJobService"
232-->[com.onesignal:OneSignal:4.5.1] AndroidManifest.xml:92:13-66
233            android:exported="false"
233-->[com.onesignal:OneSignal:4.5.1] AndroidManifest.xml:93:13-37
234            android:permission="android.permission.BIND_JOB_SERVICE" />
234-->[com.onesignal:OneSignal:4.5.1] AndroidManifest.xml:94:13-69
235        <service
235-->[com.onesignal:OneSignal:4.5.1] AndroidManifest.xml:95:9-98:43
236            android:name="com.onesignal.SyncService"
236-->[com.onesignal:OneSignal:4.5.1] AndroidManifest.xml:96:13-53
237            android:exported="false"
237-->[com.onesignal:OneSignal:4.5.1] AndroidManifest.xml:97:13-37
238            android:stopWithTask="true" />
238-->[com.onesignal:OneSignal:4.5.1] AndroidManifest.xml:98:13-40
239        <service
239-->[com.onesignal:OneSignal:4.5.1] AndroidManifest.xml:99:9-102:72
240            android:name="com.onesignal.SyncJobService"
240-->[com.onesignal:OneSignal:4.5.1] AndroidManifest.xml:100:13-56
241            android:exported="false"
241-->[com.onesignal:OneSignal:4.5.1] AndroidManifest.xml:101:13-37
242            android:permission="android.permission.BIND_JOB_SERVICE" />
242-->[com.onesignal:OneSignal:4.5.1] AndroidManifest.xml:102:13-69
243
244        <activity
244-->[com.onesignal:OneSignal:4.5.1] AndroidManifest.xml:104:9-107:75
245            android:name="com.onesignal.PermissionsActivity"
245-->[com.onesignal:OneSignal:4.5.1] AndroidManifest.xml:105:13-61
246            android:exported="false"
246-->[com.onesignal:OneSignal:4.5.1] AndroidManifest.xml:106:13-37
247            android:theme="@android:style/Theme.Translucent.NoTitleBar" />
247-->[com.onesignal:OneSignal:4.5.1] AndroidManifest.xml:107:13-72
248
249        <receiver
249-->[com.onesignal:OneSignal:4.5.1] AndroidManifest.xml:109:9-111:39
250            android:name="com.onesignal.NotificationDismissReceiver"
250-->[com.onesignal:OneSignal:4.5.1] AndroidManifest.xml:110:13-69
251            android:exported="true" />
251-->[com.onesignal:OneSignal:4.5.1] AndroidManifest.xml:111:13-36
252        <receiver
252-->[com.onesignal:OneSignal:4.5.1] AndroidManifest.xml:112:9-119:20
253            android:name="com.onesignal.BootUpReceiver"
253-->[com.onesignal:OneSignal:4.5.1] AndroidManifest.xml:113:13-56
254            android:exported="true" >
254-->[com.onesignal:OneSignal:4.5.1] AndroidManifest.xml:114:13-36
255            <intent-filter>
255-->[com.onesignal:OneSignal:4.5.1] AndroidManifest.xml:115:13-118:29
256                <action android:name="android.intent.action.BOOT_COMPLETED" />
256-->[com.onesignal:OneSignal:4.5.1] AndroidManifest.xml:116:17-79
256-->[com.onesignal:OneSignal:4.5.1] AndroidManifest.xml:116:25-76
257                <action android:name="android.intent.action.QUICKBOOT_POWERON" />
257-->[com.onesignal:OneSignal:4.5.1] AndroidManifest.xml:117:17-82
257-->[com.onesignal:OneSignal:4.5.1] AndroidManifest.xml:117:25-79
258            </intent-filter>
259        </receiver>
260        <receiver
260-->[com.onesignal:OneSignal:4.5.1] AndroidManifest.xml:120:9-126:20
261            android:name="com.onesignal.UpgradeReceiver"
261-->[com.onesignal:OneSignal:4.5.1] AndroidManifest.xml:121:13-57
262            android:exported="true" >
262-->[com.onesignal:OneSignal:4.5.1] AndroidManifest.xml:122:13-36
263            <intent-filter>
263-->[com.onesignal:OneSignal:4.5.1] AndroidManifest.xml:123:13-125:29
264                <action android:name="android.intent.action.MY_PACKAGE_REPLACED" />
264-->[com.onesignal:OneSignal:4.5.1] AndroidManifest.xml:124:17-84
264-->[com.onesignal:OneSignal:4.5.1] AndroidManifest.xml:124:25-81
265            </intent-filter>
266        </receiver>
267
268        <activity
268-->[com.onesignal:OneSignal:4.5.1] AndroidManifest.xml:128:9-133:75
269            android:name="com.onesignal.NotificationOpenedReceiver"
269-->[com.onesignal:OneSignal:4.5.1] AndroidManifest.xml:129:13-68
270            android:excludeFromRecents="true"
270-->[com.onesignal:OneSignal:4.5.1] AndroidManifest.xml:130:13-46
271            android:exported="true"
271-->[com.onesignal:OneSignal:4.5.1] AndroidManifest.xml:131:13-36
272            android:noHistory="true"
272-->[com.onesignal:OneSignal:4.5.1] AndroidManifest.xml:132:13-37
273            android:theme="@android:style/Theme.Translucent.NoTitleBar" />
273-->[com.onesignal:OneSignal:4.5.1] AndroidManifest.xml:133:13-72
274        <activity
274-->[com.stripe:payments-core:16.10.0] AndroidManifest.xml:17:9-19:57
275            android:name="com.stripe.android.view.AddPaymentMethodActivity"
275-->[com.stripe:payments-core:16.10.0] AndroidManifest.xml:18:13-76
276            android:theme="@style/StripeDefaultTheme" />
276-->[com.stripe:payments-core:16.10.0] AndroidManifest.xml:19:13-54
277        <activity
277-->[com.stripe:payments-core:16.10.0] AndroidManifest.xml:20:9-22:57
278            android:name="com.stripe.android.view.PaymentMethodsActivity"
278-->[com.stripe:payments-core:16.10.0] AndroidManifest.xml:21:13-74
279            android:theme="@style/StripeDefaultTheme" />
279-->[com.stripe:payments-core:16.10.0] AndroidManifest.xml:22:13-54
280        <activity
280-->[com.stripe:payments-core:16.10.0] AndroidManifest.xml:23:9-25:57
281            android:name="com.stripe.android.view.PaymentFlowActivity"
281-->[com.stripe:payments-core:16.10.0] AndroidManifest.xml:24:13-71
282            android:theme="@style/StripeDefaultTheme" />
282-->[com.stripe:payments-core:16.10.0] AndroidManifest.xml:25:13-54
283        <activity
283-->[com.stripe:payments-core:16.10.0] AndroidManifest.xml:26:9-29:58
284            android:name="com.stripe.android.view.PaymentAuthWebViewActivity"
284-->[com.stripe:payments-core:16.10.0] AndroidManifest.xml:27:13-78
285            android:theme="@style/StripeDefaultTheme"
285-->[com.stripe:payments-core:16.10.0] AndroidManifest.xml:28:13-54
286            android:windowSoftInputMode="adjustResize" />
286-->[com.stripe:payments-core:16.10.0] AndroidManifest.xml:29:13-55
287        <activity
287-->[com.stripe:payments-core:16.10.0] AndroidManifest.xml:30:9-32:61
288            android:name="com.stripe.android.view.PaymentRelayActivity"
288-->[com.stripe:payments-core:16.10.0] AndroidManifest.xml:31:13-72
289            android:theme="@style/StripeTransparentTheme" />
289-->[com.stripe:payments-core:16.10.0] AndroidManifest.xml:32:13-58
290        <!--
291        Set android:launchMode="singleTop" so that the StripeBrowserLauncherActivity instance that
292        launched the browser Activity will also handle the return URL deep link.
293        -->
294        <activity
294-->[com.stripe:payments-core:16.10.0] AndroidManifest.xml:38:9-54:20
295            android:name="com.stripe.android.payments.StripeBrowserLauncherActivity"
295-->[com.stripe:payments-core:16.10.0] AndroidManifest.xml:39:13-85
296            android:launchMode="singleTop"
296-->[com.stripe:payments-core:16.10.0] AndroidManifest.xml:40:13-43
297            android:theme="@style/StripeTransparentTheme" >
297-->[com.stripe:payments-core:16.10.0] AndroidManifest.xml:41:13-58
298            <intent-filter>
298-->[com.stripe:payments-core:16.10.0] AndroidManifest.xml:42:13-53:29
299                <action android:name="android.intent.action.VIEW" />
299-->[:stripe_payment] AndroidManifest.xml:27:17-69